<?xml version="1.0" encoding="UTF-8" ?>
<testsuite tests="1" failures="0" name="helloworld.AppTest" time="0.005" errors="0" skipped="0">
  <properties>
    <property name="java.runtime.name" value="OpenJDK Runtime Environment"/>
    <property name="java.vm.version" value="17.0.11+9-LTS"/>
    <property name="sun.boot.library.path" value="C:\Users\sanja\.jdks\corretto-17.0.11\bin"/>
    <property name="maven.multiModuleProjectDirectory" value="G:\Skills\Lambda\codebase\firstlambda\HelloWorldFunction"/>
    <property name="java.vm.vendor" value="Amazon.com Inc."/>
    <property name="java.vendor.url" value="https://aws.amazon.com/corretto/"/>
    <property name="guice.disable.misplaced.annotation.check" value="true"/>
    <property name="path.separator" value=";"/>
    <property name="java.vm.name" value="OpenJDK 64-Bit Server VM"/>
    <property name="sun.os.patch.level" value=""/>
    <property name="user.script" value=""/>
    <property name="user.country" value="US"/>
    <property name="sun.java.launcher" value="SUN_STANDARD"/>
    <property name="java.vm.specification.name" value="Java Virtual Machine Specification"/>
    <property name="user.dir" value="G:\Skills\Lambda\codebase\firstlambda\HelloWorldFunction"/>
    <property name="java.vm.compressedOopsMode" value="32-bit"/>
    <property name="java.runtime.version" value="17.0.11+9-LTS"/>
    <property name="os.arch" value="amd64"/>
    <property name="java.io.tmpdir" value="C:\Users\sanja\AppData\Local\Temp\"/>
    <property name="line.separator" value="
"/>
    <property name="java.vm.specification.vendor" value="Oracle Corporation"/>
    <property name="user.variant" value=""/>
    <property name="os.name" value="Windows 10"/>
    <property name="classworlds.conf" value="C:\Users\sanja\eclipse-workspace\softwares\apache-maven-3.8.8\bin\m2.conf"/>
    <property name="sun.jnu.encoding" value="Cp1252"/>
    <property name="java.library.path" value="C:\Users\sanja\.jdks\corretto-17.0.11\bin;C:\Windows\Sun\Java\bin;C:\Windows\system32;C:\Windows;C:\Users\sanja\.jdks\corretto-17.0.11\bin;C:\Windows\system32;C:\Windows;C:\Windows\System32\Wbem;C:\Windows\System32\WindowsPowerShell\v1.0\;C:\Windows\System32\OpenSSH\;C:\Program Files\php-7.4.11-nts-Win32-vc15-x64;C:\Program Files\MySQL\MySQL Server 8.0\bin;C:\Program Files\R\R-4.0.3\bin;C:\Program Files\Git\cmd;C:\Program Files\nodejs\;C:\Users\sanja\eclipse-workspace\softwares\apache-maven-3.8.8\bin;G:\Softwares\PostgresSQL16\bin;G:\Softwares\Redis;C:\Program Files\MongoDB\Server\7.0\bin;G:\Softwares\SAM-CLI\;G:\Softwares\AWS-CLI;G:\Softwares\SAM-CLI\bin\;C:\Users\sanja\AppData\Local\Programs\Python\Python38\Scripts\;C:\Users\sanja\AppData\Local\Programs\Python\Python38\;C:\Program Files\MySQL\MySQL Shell 8.0\bin\;C:\Users\sanja\AppData\Local\Microsoft\WindowsApps;C:\MinGW\bin;G:\Intellij\IntelliJ IDEA Community Edition 2023.3.6\bin;;C:\Users\sanja\AppData\Roaming\npm;C:\Program Files\Azure Data Studio\bin;G:\Pycharm\PyCharm Community Edition 2023.3.5\bin;;C:\Users\sanja\.jdks\corretto-17.0.11\bin;G:\Softwares\VSCode\bin;G:\Softwares\MongoShell\;C:\Program Files\MongoDB\Server\7.0\bin;G:\Softwares\Redis;G:\Softwares\SAM-CLI;G:\Softwares\AWS-CLI;C:\Users\sanja\AppData\Local\Microsoft\WinGet\Packages\jqlang.jq_Microsoft.Winget.Source_8wekyb3d8bbwe;;."/>
    <property name="maven.conf" value="C:\Users\sanja\eclipse-workspace\softwares\apache-maven-3.8.8/conf"/>
    <property name="jdk.debug" value="release"/>
    <property name="java.class.version" value="61.0"/>
    <property name="java.specification.name" value="Java Platform API Specification"/>
    <property name="sun.management.compiler" value="HotSpot 64-Bit Tiered Compilers"/>
    <property name="os.version" value="10.0"/>
    <property name="library.jansi.path" value="C:\Users\sanja\eclipse-workspace\softwares\apache-maven-3.8.8\lib\jansi-native"/>
    <property name="user.home" value="C:\Users\sanja"/>
    <property name="user.timezone" value="Asia/Calcutta"/>
    <property name="file.encoding" value="Cp1252"/>
    <property name="java.specification.version" value="17"/>
    <property name="user.name" value="sanja"/>
    <property name="java.class.path" value="C:\Users\sanja\eclipse-workspace\softwares\apache-maven-3.8.8\boot\plexus-classworlds-2.6.0.jar"/>
    <property name="java.vm.specification.version" value="17"/>
    <property name="sun.arch.data.model" value="64"/>
    <property name="sun.java.command" value="org.codehaus.plexus.classworlds.launcher.Launcher package"/>
    <property name="java.home" value="C:\Users\sanja\.jdks\corretto-17.0.11"/>
    <property name="user.language" value="en"/>
    <property name="java.specification.vendor" value="Oracle Corporation"/>
    <property name="java.vm.info" value="mixed mode, sharing"/>
    <property name="java.version" value="17.0.11"/>
    <property name="native.encoding" value="Cp1252"/>
    <property name="java.vendor" value="Amazon.com Inc."/>
    <property name="sun.stderr.encoding" value="cp437"/>
    <property name="maven.home" value="C:\Users\sanja\eclipse-workspace\softwares\apache-maven-3.8.8"/>
    <property name="file.separator" value="\"/>
    <property name="java.version.date" value="2024-04-16"/>
    <property name="java.vendor.url.bug" value="https://github.com/corretto/corretto-17/issues/"/>
    <property name="sun.io.unicode.encoding" value="UnicodeLittle"/>
    <property name="sun.cpu.endian" value="little"/>
    <property name="java.vendor.version" value="Corretto-17.0.11.9.1"/>
    <property name="sun.stdout.encoding" value="cp437"/>
    <property name="sun.cpu.isalist" value="amd64"/>
  </properties>
  <testcase classname="helloworld.AppTest" name="successfulResponse" time="0.005"/>
</testsuite>